<?xml version="1.0" encoding="UTF-8"?>
<!-- Generated by org.testng.reporters.JUnitXMLReporter -->
<testsuite ignored="0" hostname="DESKTOP-47CP8AH" failures="1" tests="1" name="404 Page Not Found link at Home Page" time="121.133" errors="0" timestamp="2022-10-25T14:22:39 IST">
  <testcase classname="Factile_Mode_v3.PageNotFound_Links_at_HomePage" name="PageNotFoundLinksAtHomePage" time="117.822">
    <failure type="java.net.SocketException" message="A connection attempt failed because the connected party did not properly respond after a period of time, or established connection failed because connected host has failed to respond">
      <![CDATA[java.net.SocketException: A connection attempt failed because the connected party did not properly respond after a period of time, or established connection failed because connected host has failed to respond
at java.base/sun.nio.ch.NioSocketImpl.implRead(NioSocketImpl.java:325)
at java.base/sun.nio.ch.NioSocketImpl.read(NioSocketImpl.java:350)
at java.base/sun.nio.ch.NioSocketImpl$1.read(NioSocketImpl.java:803)
at java.base/java.net.Socket$SocketInputStream.read(Socket.java:966)
at java.base/sun.security.ssl.SSLSocketInputRecord.read(SSLSocketInputRecord.java:478)
at java.base/sun.security.ssl.SSLSocketInputRecord.readHeader(SSLSocketInputRecord.java:472)
at java.base/sun.security.ssl.SSLSocketInputRecord.decode(SSLSocketInputRecord.java:160)
at java.base/sun.security.ssl.SSLTransport.decode(SSLTransport.java:111)
at java.base/sun.security.ssl.SSLSocketImpl.decode(SSLSocketImpl.java:1505)
at java.base/sun.security.ssl.SSLSocketImpl.readHandshakeRecord(SSLSocketImpl.java:1420)
at java.base/sun.security.ssl.SSLSocketImpl.startHandshake(SSLSocketImpl.java:455)
at java.base/sun.security.ssl.SSLSocketImpl.startHandshake(SSLSocketImpl.java:426)
at java.base/sun.net.www.protocol.https.HttpsClient.afterConnect(HttpsClient.java:580)
at java.base/sun.net.www.protocol.https.AbstractDelegateHttpsURLConnection.connect(AbstractDelegateHttpsURLConnection.java:187)
at java.base/sun.net.www.protocol.https.HttpsURLConnectionImpl.connect(HttpsURLConnectionImpl.java:142)
at Factile_Mode_v3.PageNotFound_Links_at_HomePage.ResponseCode(PageNotFound_Links_at_HomePage.java:110)
at Factile_Mode_v3.PageNotFound_Links_at_HomePage.PageNotFoundLinksAtHomePage(PageNotFound_Links_at_HomePage.java:80)
at java.base/java.util.ArrayList.forEach(ArrayList.java:1511)
... Removed 27 stack frames]]>
    </failure>
  </testcase> <!-- PageNotFoundLinksAtHomePage -->
</testsuite> <!-- 404 Page Not Found link at Home Page -->
