<?xml version="1.0" encoding="UTF-8"?>
<!-- Generated by org.testng.reporters.JUnitXMLReporter -->
<testsuite ignored="0" hostname="DESKTOP-HKE6JL3" failures="0" tests="1" name="Display social media on moderater screen gamboard" time="4.321" errors="0" timestamp="2021-11-19T20:58:19 IST">
  <testcase classname="Factile_Mode.DGBP_HSB_TestCase_4" name="TC_4_Verify_Show_Social_Media_on_Gameboard" time="0.0">
    <skipped/>
  </testcase> <!-- TC_4_Verify_Show_Social_Media_on_Gameboard -->
</testsuite> <!-- Display social media on moderater screen gamboard -->
