<?xml version="1.0" encoding="UTF-8"?>
<!-- Generated by org.testng.reporters.JUnitXMLReporter -->
<testsuite ignored="0" hostname="DESKTOP-HKE6JL3" failures="0" tests="1" name="Display  uploaded masoct at player side" time="38.314" errors="0" timestamp="2021-01-06T13:48:06 IST">
  <testcase classname="Factile_Mode.DGBP_B_TestCase_2" name="@AfterTest tearDown" time="0.0">
    <failure type="java.lang.NullPointerException" message="Cannot invoke &amp;quot;org.openqa.selenium.WebDriver.quit()&amp;quot; because &amp;quot;this.driver1&amp;quot; is null">
      <![CDATA[java.lang.NullPointerException: Cannot invoke "org.openqa.selenium.WebDriver.quit()" because "this.driver1" is null
at Factile_Mode.DGBP_B_TestCase_2.tearDown(DGBP_B_TestCase_2.java:90)
... Removed 24 stack frames]]>
    </failure>
  </testcase> <!-- @AfterTest tearDown -->
  <testcase classname="Factile_Mode.DGBP_B_TestCase_2" name="TC_2_Verify_Uploaded_Mascot_at_Player_screen" time="25.83"/>
</testsuite> <!-- Display  uploaded masoct at player side -->
