<?xml version="1.0" encoding="UTF-8"?>
<!-- Generated by org.testng.reporters.JUnitXMLReporter -->
<testsuite ignored="0" hostname="DESKTOP-HKE6JL3" failures="0" tests="1" name="Display gamboard background image at gameboard and player gameboard side" time="1.315" errors="0" timestamp="2021-11-19T20:58:14 IST">
  <testcase classname="Factile_Mode.DGBP_HSB_TestCase_3" name="TC_3_Verify_Uploaded_BackgroundImage_at_Player_screen" time="0.0">
    <skipped/>
  </testcase> <!-- TC_3_Verify_Uploaded_BackgroundImage_at_Player_screen -->
</testsuite> <!-- Display gamboard background image at gameboard and player gameboard side -->
