<?xml version="1.0" encoding="UTF-8"?>
<!-- Generated by org.testng.reporters.JUnitXMLReporter -->
<testsuite ignored="0" hostname="DESKTOP-NLMSAMV" failures="0" tests="1" name="Display Question On GameBoard &gt;&gt; When Checked" time="107.706" errors="0" timestamp="2023-04-13T12:25:46 IST">
  <testcase classname="Factile_Mode_v3.DisplayQuestionOnGameBoardTileChecked" name="Display_Question_On_GameBoardTie_When_checked_At_Global_Settings" time="94.236"/>
</testsuite> <!-- Display Question On GameBoard >> When Checked -->
