<?xml version="1.0" encoding="UTF-8"?>
<!-- Generated by org.testng.reporters.JUnitXMLReporter -->
<testsuite ignored="0" hostname="DESKTOP-HKE6JL3" failures="0" tests="1" name="Display  Logo at customize and gameboard" time="36.17" errors="0" timestamp="2020-11-28T00:10:14 IST">
  <testcase classname="Factile_Mode.DGBM_B_TestCase_1" name="TC_1_Verify_Uploaded_Logo_at_Moderater_Gameboard_screen" time="0.0">
    <skipped/>
  </testcase> <!-- TC_1_Verify_Uploaded_Logo_at_Moderater_Gameboard_screen -->
</testsuite> <!-- Display  Logo at customize and gameboard -->
