<?xml version="1.0" encoding="UTF-8"?>
<!-- Generated by org.testng.reporters.JUnitXMLReporter -->
<testsuite ignored="0" hostname="DESKTOP-NLMSAMV" failures="0" tests="1" name="Display Question On GameBoard &gt;&gt; When UNChecked" time="90.103" errors="0" timestamp="2023-05-18T16:34:17 IST">
  <testcase classname="Factile_Mode_v3.DisplayQuestionOnGameBoardTileUnChecked" name="Display_Question_On_GameBoardTie_When_checked_At_Global_Settings" time="79.892"/>
</testsuite> <!-- Display Question On GameBoard >> When UNChecked -->
