<?xml version="1.0" encoding="UTF-8"?>
<!-- Generated by org.testng.reporters.JUnitXMLReporter -->
<testsuite ignored="0" hostname="DESKTOP-HKE6JL3" failures="1" tests="1" name="Game_Point_Symbol_€_Before()" time="198.079" errors="0" timestamp="2020-12-09T20:57:47 IST">
  <testcase classname="Factile_Mode.DGBP_HSB_TestCase_17" name="TC_17_Verify_Game_Point_Symbol_€_After" time="165.381">
    <failure type="junit.framework.ComparisonFailure" message="expected:&amp;lt;10...&amp;gt; but was:&amp;lt;...&amp;gt;">
      <![CDATA[junit.framework.ComparisonFailure: expected:<10...> but was:<...>
at junit.framework.Assert.assertEquals(Assert.java:81)
at junit.framework.Assert.assertEquals(Assert.java:87)
at Factile_Mode.DGBP_HSB_TestCase_17.PlayerScreen(DGBP_HSB_TestCase_17.java:301)
at Factile_Mode.DGBP_HSB_TestCase_17.TC_17_Verify_Game_Point_Symbol_€_After(DGBP_HSB_TestCase_17.java:106)
at java.base/java.util.ArrayList.forEach(ArrayList.java:1511)
... Removed 27 stack frames]]>
    </failure>
  </testcase> <!-- TC_17_Verify_Game_Point_Symbol_€_After -->
</testsuite> <!-- Game_Point_Symbol_€_Before() -->
