<?xml version="1.0" encoding="UTF-8"?>
<!-- Generated by org.testng.reporters.JUnitXMLReporter -->
<testsuite ignored="0" hostname="DESKTOP-NLMSAMV" failures="0" tests="1" name="Hide Category With Points &gt;&gt; When Checked" time="75.235" errors="0" timestamp="2023-04-11T13:51:48 IST">
  <testcase classname="Factile_Mode_v3.HideCategoryWithPointsChecked" name="Hide_category_with_Points_When_checked_At_Global_Settings" time="63.507"/>
</testsuite> <!-- Hide Category With Points >> When Checked -->
