<?xml version="1.0" encoding="UTF-8"?>
<!-- Generated by org.testng.reporters.JUnitXMLReporter -->
<testsuite ignored="0" hostname="DESKTOP-HKE6JL3" failures="1" tests="1" name="Hide_category_with_Points" time="83.813" errors="0" timestamp="2020-11-26T22:34:17 IST">
  <testcase classname="Factile_Mode.DGBP_HSB_TestCase_9" name="TC_9_Verify_Hide_category_with_Points_When_checked_At_Global_Settings" time="72.693">
    <failure type="junit.framework.AssertionFailedError" message="Hide category with points">
      <![CDATA[junit.framework.AssertionFailedError: Hide category with points
at junit.framework.Assert.fail(Assert.java:47)
at junit.framework.Assert.assertTrue(Assert.java:20)
at junit.framework.Assert.assertNull(Assert.java:233)
at Factile_Mode.DGBP_HSB_TestCase_9.PlayerScreen(DGBP_HSB_TestCase_9.java:201)
at Factile_Mode.DGBP_HSB_TestCase_9.TC_9_Verify_Hide_category_with_Points_When_checked_At_Global_Settings(DGBP_HSB_TestCase_9.java:83)
at java.base/java.util.ArrayList.forEach(ArrayList.java:1511)
... Removed 27 stack frames]]>
    </failure>
  </testcase> <!-- TC_9_Verify_Hide_category_with_Points_When_checked_At_Global_Settings -->
</testsuite> <!-- Hide_category_with_Points -->
