<?xml version="1.0" encoding="UTF-8"?>
<!-- Generated by org.testng.reporters.JUnitXMLReporter -->
<testsuite ignored="0" hostname="DESKTOP-NLMSAMV" failures="0" tests="1" name="Hide Category With Points &gt;&gt; When Checked" time="87.684" errors="0" timestamp="2023-05-02T13:31:09 IST">
  <testcase classname="Factile_Mode_v3.HideCategoryWithPointsChecked" name="Hide_category_with_Points_When_checked_At_Global_Settings" time="74.591"/>
</testsuite> <!-- Hide Category With Points >> When Checked -->
