<?xml version="1.0" encoding="UTF-8"?>
<!-- Generated by org.testng.reporters.JUnitXMLReporter -->
<testsuite ignored="0" hostname="DESKTOP-NLMSAMV" failures="1" tests="1" name="menus in free account inside header" time="16.767" errors="0" timestamp="2023-06-01T17:16:24 IST">
  <testcase classname="Factile_Mode_v3.HeaderMenuInFreeAccount" name="Fetching_Header_menus_From_Paid_Account" time="8.96">
    <failure type="java.lang.AssertionError" message="expected [true] but found [false]">
      <![CDATA[java.lang.AssertionError: expected [true] but found [false]
at Factile_Mode_v3.HeaderMenuInFreeAccount.Fetching_Header_menus_From_Paid_Account(HeaderMenuInFreeAccount.java:61)
at java.base/java.util.ArrayList.forEach(ArrayList.java:1511)
... Removed 31 stack frames]]>
    </failure>
  </testcase> <!-- Fetching_Header_menus_From_Paid_Account -->
</testsuite> <!-- menus in free account inside header -->
