<?xml version="1.0" encoding="UTF-8"?>
<!-- Generated by org.testng.reporters.JUnitXMLReporter -->
<testsuite ignored="0" hostname="DESKTOP-47CP8AH" failures="0" tests="1" name="Numbers of game allowed to create in free account" time="109.934" errors="0" timestamp="2022-10-26T18:05:53 IST">
  <testcase classname="Factile_Mode_v3.NoOfGameAllowedToCreate_IN_FreeAccount" name="NoOfGamesCreationInFreeAccount_Verify" time="102.859"/>
</testsuite> <!-- Numbers of game allowed to create in free account -->
