<?xml version="1.0" encoding="UTF-8"?>
<!-- Generated by org.testng.reporters.JUnitXMLReporter -->
<testsuite ignored="0" hostname="DESKTOP-NLMSAMV" failures="0" tests="1" name="Numbers of game allowed to create in free account" time="122.467" errors="0" timestamp="2023-03-30T16:05:00 IST">
  <testcase classname="Factile_Mode_v3.NoOfGameAllowedToCreate_IN_FreeAccount" name="NoOfGamesCreationInFreeAccount_Verify" time="113.541"/>
</testsuite> <!-- Numbers of game allowed to create in free account -->
