<?xml version="1.0" encoding="UTF-8"?>
<!-- Generated by org.testng.reporters.JUnitXMLReporter -->
<testsuite ignored="0" hostname="DESKTOP-NLMSAMV" failures="0" tests="1" name="Play as Numbered tiles instead of Jeopardy Style" time="88.359" errors="0" timestamp="2023-04-20T14:26:49 IST">
  <testcase classname="Factile_Mode_v3.PlayAsNumberedTilesInsteadOfJeopardyStyleChecked" name="PlayAsNumberedTiles_Instead_Of_JeopardyStyle_checked_At_Global_Settings" time="74.569"/>
</testsuite> <!-- Play as Numbered tiles instead of Jeopardy Style -->
