<?xml version="1.0" encoding="UTF-8"?>
<!-- Generated by org.testng.reporters.JUnitXMLReporter -->
<testsuite ignored="0" hostname="DESKTOP-HKE6JL3" failures="0" tests="1" name="Play as Numbered Tiles instead of Jeopardy-style" time="67.604" errors="0" timestamp="2020-12-11T13:55:16 IST">
  <testcase classname="Factile_Mode.DGBP_HSB_TestCase_14" name="TC_14_Verify_Play_as_Numbered_Tile_instead_of_Jeopardy_Style" time="60.267"/>
</testsuite> <!-- Play as Numbered Tiles instead of Jeopardy-style -->
