<?xml version="1.0" encoding="UTF-8"?>
<!-- Generated by org.testng.reporters.JUnitXMLReporter -->
<testsuite ignored="0" hostname="DESKTOP-NLMSAMV" failures="0" tests="1" name="Play as Jeopardy Style instead of Number" time="84.945" errors="0" timestamp="2023-04-20T14:25:21 IST">
  <testcase classname="Factile_Mode_v3.PlayAsJeopardyStyle" name="PlayAsNumberedTiles_Instead_Of_JeopardyStyle_Unchecked_At_Global_Settings" time="71.298"/>
</testsuite> <!-- Play as Jeopardy Style instead of Number -->
