<?xml version="1.0" encoding="UTF-8"?>
<!-- Generated by org.testng.reporters.JUnitXMLReporter -->
<testsuite ignored="0" hostname="DESKTOP-HKE6JL3" failures="0" tests="1" name="To verify final factile answer text box submitted by team member" time="280.935" errors="0" timestamp="2021-04-06T12:57:53 IST">
  <testcase classname="Factile_Mode.DGBP_HSB_TestCase_53" name="TC_53_Verify_Final_factile_Answer_submitted_by_Team_Member" time="275.37"/>
</testsuite> <!-- To verify final factile answer text box submitted by team member -->
