<?xml version="1.0" encoding="UTF-8"?>
<!-- Generated by org.testng.reporters.JUnitXMLReporter -->
<testsuite ignored="0" hostname="DESKTOP-HKE6JL3" failures="0" tests="1" name="To verify final factile answer text box with valid input number" time="246.69" errors="0" timestamp="2021-04-06T12:44:04 IST">
  <testcase classname="Factile_Mode.DGBP_HSB_TestCase_50" name="TC_49_Verify_Final_factile_Answer_text_box_with_numbers" time="242.443"/>
</testsuite> <!-- To verify final factile answer text box with valid input number -->
