<?xml version="1.0" encoding="UTF-8"?>
<!-- Generated by org.testng.reporters.JUnitXMLReporter -->
<testsuite ignored="0" hostname="DESKTOP-47CP8AH" failures="1" tests="1" name="Two_Factor_Authentication" time="52.203" errors="0" timestamp="2022-10-21T12:49:18 IST">
  <testcase classname="Factile_Mode_v3.TwoFactorAuthentication" name="Two_Factor_Authentication" time="43.96">
    <failure type="java.lang.AssertionError" message="did not expect to find [true] but found [false]">
      <![CDATA[java.lang.AssertionError: did not expect to find [true] but found [false]
at Factile_Mode_v3.TwoFactorAuthentication.Two_Factor_Authentication(TwoFactorAuthentication.java:87)
at java.base/java.util.ArrayList.forEach(ArrayList.java:1511)
... Removed 31 stack frames]]>
    </failure>
  </testcase> <!-- Two_Factor_Authentication -->
</testsuite> <!-- Two_Factor_Authentication -->
