<?xml version="1.0" encoding="UTF-8"?>
<!-- Generated by org.testng.reporters.JUnitXMLReporter -->
<testsuite ignored="0" hostname="DESKTOP-HKE6JL3" failures="0" tests="1" name="Verifing home/school yearly end plan date" time="34.183" errors="0" timestamp="2021-11-25T15:04:03 IST">
  <testcase classname="Factile_Mode_v3.GoProToSubscriptionHomeSchoolYearlyData_Verify" name="GoProToHomeSchoolYearlySubscriptionAndNextComingDate" time="28.344"/>
</testsuite> <!-- Verifing home/school yearly end plan date -->
