<?xml version="1.0" encoding="UTF-8"?>
<!-- Generated by org.testng.reporters.JUnitXMLReporter -->
<testsuite ignored="0" hostname="DESKTOP-HKE6JL3" failures="0" tests="1" name="Verify Buzzer mode for Fianl factile question1" time="502.081" errors="0" timestamp="2020-12-24T20:57:38 IST">
  <testcase classname="Factile_Mode.DGBP_HSB_TestCase_29" name="@AfterTest tearDown" time="2.182">
    <failure type="java.lang.NullPointerException" message="Cannot invoke &amp;quot;org.openqa.selenium.WebDriver.switchTo()&amp;quot; because &amp;quot;this.driver3&amp;quot; is null">
      <![CDATA[java.lang.NullPointerException: Cannot invoke "org.openqa.selenium.WebDriver.switchTo()" because "this.driver3" is null
at Factile_Mode.DGBP_HSB_TestCase_29.tearDown(DGBP_HSB_TestCase_29.java:93)
... Removed 24 stack frames]]>
    </failure>
  </testcase> <!-- @AfterTest tearDown -->
  <testcase classname="Factile_Mode.DGBP_HSB_TestCase_29" name="TC_29_Verify_Buzzer_For_Final_Factile_Question" time="493.533"/>
</testsuite> <!-- Verify Buzzer mode for Fianl factile question1 -->
