<?xml version="1.0" encoding="UTF-8"?>
<!-- Generated by org.testng.reporters.JUnitXMLReporter -->
<testsuite ignored="0" hostname="DESKTOP-HKE6JL3" failures="0" tests="2" name="Verify_same_game_running_by_two_moderaters" time="176.422" errors="0" timestamp="2021-01-27T12:53:11 IST">
  <testcase classname="Factile_Mode.DGBP_HSB_TestCase_39" name="TC_39_Moderater_one" time="162.148"/>
  <testcase classname="Factile_Mode.DGBP_HSB_TestCase_39" name="TC_39_Moderater_two" time="174.684"/>
</testsuite> <!-- Verify_same_game_running_by_two_moderaters -->
