<?xml version="1.0" encoding="UTF-8"?>
<!-- Generated by org.testng.reporters.JUnitXMLReporter -->
<testsuite ignored="0" hostname="DESKTOP-NLMSAMV" failures="0" tests="1" name="Verifing bussiness month end plan date" time="64.81" errors="0" timestamp="2023-05-04T17:05:59 IST">
  <testcase classname="Factile_Mode_v3.GoProToSubscriptionBussinessMonthlyData_Verify" name="GoProTBussinessMonthlySubscriptionAndNextComingDate" time="53.807"/>
</testsuite> <!-- Verifing bussiness month end plan date -->
