<?xml version="1.0" encoding="UTF-8"?>
<!-- Generated by org.testng.reporters.JUnitXMLReporter -->
<testsuite ignored="0" hostname="DESKTOP-NLMSAMV" failures="1" tests="7" name="Verify Sign UP functionality" time="169.891" errors="0" timestamp="2024-12-24T10:55:12 IST">
  <testcase classname="Factile_Mode_v3.SignUP_With_Multiple_Test_Cases" name="Sign_Up_with_Valid_Credentials" time="22.131"/>
  <testcase classname="Factile_Mode_v3.SignUP_With_Multiple_Test_Cases" name="Sign_Up_with_an_already_Registered_Email" time="6.609"/>
  <testcase classname="Factile_Mode_v3.SignUP_With_Multiple_Test_Cases" name="SignUp_with_an_Invalid_EmailID" time="6.453"/>
  <testcase classname="Factile_Mode_v3.SignUP_With_Multiple_Test_Cases" name="SignUp_with_Password_ConfirmPassword_Missmatch" time="6.484"/>
  <testcase classname="Factile_Mode_v3.SignUP_With_Multiple_Test_Cases" name="SignUp_with_a_Password_Less_Than_6_Characters" time="6.427"/>
  <testcase classname="Factile_Mode_v3.SignUP_With_Multiple_Test_Cases" name="SignUp_with_an_Email_Containing_Invalid_Characters_Space" time="6.388"/>
  <testcase classname="Factile_Mode_v3.SignUP_With_Multiple_Test_Cases" name="SignUp_with_an_Password_Containing_Invalid_Characters_Space" time="64.42">
    <failure type="java.lang.AssertionError" message="This test case is fail because in password &amp;amp; confirmPassword spaces are allowed, expected We should not allow spaces for password expected [true] but found [false]">
      <![CDATA[java.lang.AssertionError: This test case is fail because in password & confirmPassword spaces are allowed, expected We should not allow spaces for password expected [true] but found [false]
at Factile_Mode_v3.SignUP_With_Multiple_Test_Cases.SignUp_with_an_Password_Containing_Invalid_Characters_Space(SignUP_With_Multiple_Test_Cases.java:215)
at java.base/java.util.ArrayList.forEach(ArrayList.java:1511)
... Removed 30 stack frames]]>
    </failure>
  </testcase> <!-- SignUp_with_an_Password_Containing_Invalid_Characters_Space -->
</testsuite> <!-- Verify Sign UP functionality -->
