<?xml version="1.0" encoding="UTF-8"?>
<!-- Generated by org.testng.reporters.JUnitXMLReporter -->
<testsuite ignored="0" hostname="DESKTOP-HKE6JL3" failures="0" tests="1" name="Verify wager zero submisstion by player" time="65.572" errors="0" timestamp="2021-02-04T16:00:15 IST">
  <testcase classname="Factile_Mode.DGBP_HSB_TestCase_44" name="TC_44_Verify_wager_submission_Zerot_by_player" time="0.0">
    <skipped/>
  </testcase> <!-- TC_44_Verify_wager_submission_Zerot_by_player -->
</testsuite> <!-- Verify wager zero submisstion by player -->
