<?xml version="1.0" encoding="UTF-8"?>
<!-- Generated by org.testng.reporters.JUnitXMLReporter -->
<testsuite ignored="0" hostname="DESKTOP-HKE6JL3" failures="0" tests="1" name="Verifing bussiness yearly end plan date" time="24.135" errors="0" timestamp="2021-11-25T15:05:02 IST">
  <testcase classname="Factile_Mode_v3.GoProToSubscriptionBussinessYearlyData_Verify" name="GoProToBussinessYearlySubscriptionAndNextComingDate" time="19.026"/>
</testsuite> <!-- Verifing bussiness yearly end plan date -->
