<?xml version="1.0" encoding="UTF-8"?>
<!-- Generated by org.testng.reporters.JUnitXMLReporter -->
<testsuite ignored="0" hostname="DESKTOP-HKE6JL3" failures="0" tests="1" name="Verify_Automatically mark incorrect when timeout" time="232.269" errors="0" timestamp="2021-01-21T19:55:52 IST">
  <testcase classname="Factile_Mode.DGBP_HSB_TestCase_38" name="TC_38_Verify_Automatically_Mark_incorrect_answer_upon_timeout" time="225.92"/>
</testsuite> <!-- Verify_Automatically mark incorrect when timeout -->
