<?xml version="1.0" encoding="UTF-8"?>
<!-- Generated by org.testng.reporters.JUnitXMLReporter -->
<testsuite ignored="0" hostname="DESKTOP-NLMSAMV" failures="0" tests="1" name="Verifing home/school yearly end plan date" time="59.332" errors="0" timestamp="2023-04-19T15:28:33 IST">
  <testcase classname="Factile_Mode_v3.GoProToSubscriptionHomeSchoolYearlyData_Verify" name="GoProToHomeSchoolYearlySubscriptionAndNextComingDate" time="51.465"/>
</testsuite> <!-- Verifing home/school yearly end plan date -->
