<?xml version="1.0" encoding="UTF-8"?>
<!-- Generated by org.testng.reporters.JUnitXMLReporter -->
<testsuite ignored="0" hostname="DESKTOP-HKE6JL3" failures="0" tests="1" name="Verify_When_Buzzer_For_Final_Factile_Off_From_Customization" time="543.567" errors="0" timestamp="2021-01-07T11:29:53 IST">
  <testcase classname="Factile_Mode.DGBP_HSB_TestCase_30" name="TC_30_Verify_When_Buzzer_For_Final_Factile_Off_From_Customization" time="533.993"/>
</testsuite> <!-- Verify_When_Buzzer_For_Final_Factile_Off_From_Customization -->
