<?xml version="1.0" encoding="UTF-8"?>
<!-- Generated by org.testng.reporters.JUnitXMLReporter -->
<testsuite ignored="0" hostname="DESKTOP-HKE6JL3" failures="0" tests="1" name="Verify wager submission by moderator" time="1.484" errors="0" timestamp="2021-02-05T16:33:54 IST">
  <testcase classname="Factile_Mode.DGBP_HSB_TestCase_46" name="TC_46_Verify_wager_submit_by_moderator_is_full_amount" time="0.0">
    <skipped/>
  </testcase> <!-- TC_46_Verify_wager_submit_by_moderator_is_full_amount -->
</testsuite> <!-- Verify wager submission by moderator -->
