<?xml version="1.0" encoding="UTF-8"?>
<!-- Generated by org.testng.reporters.JUnitXMLReporter -->
<testsuite ignored="0" hostname="DESKTOP-HKE6JL3" failures="0" tests="2" name="Verify_same_game_running_by_two_moderaters" time="184.852" errors="0" timestamp="2021-04-06T11:45:39 IST">
  <testcase classname="Factile_Mode.DGBP_HSB_TestCase_39" name="TC_39_Same_Game_playing_from_first_Moderater" time="177.033"/>
  <testcase classname="Factile_Mode.DGBP_HSB_TestCase_39" name="TC_39_Same_Game_playing_by_second__Moderater" time="184.817"/>
</testsuite> <!-- Verify_same_game_running_by_two_moderaters -->
