<?xml version="1.0" encoding="UTF-8"?>
<!-- Generated by org.testng.reporters.JUnitXMLReporter -->
<testsuite ignored="0" hostname="DESKTOP-NLMSAMV" failures="0" tests="1" name="Verifing bussiness yearly end plan date" time="37.593" errors="0" timestamp="2023-04-11T13:32:01 IST">
  <testcase classname="Factile_Mode_v3.GoProToSubscriptionBussinessYearlyData_Verify" name="GoProToBussinessYearlySubscriptionAndNextComingDate" time="32.494"/>
</testsuite> <!-- Verifing bussiness yearly end plan date -->
