<?xml version="1.0" encoding="UTF-8"?>
<!-- Generated by org.testng.reporters.JUnitXMLReporter -->
<testsuite ignored="0" hostname="DESKTOP-HKE6JL3" failures="0" tests="1" name="Verify_Automatically mark incorrect when timeout" time="233.027" errors="0" timestamp="2021-01-26T19:46:46 IST">
  <testcase classname="Factile_Mode.DGBP_HSB_TestCase_38" name="TC_38_Verify_Automatically_Mark_incorrect_answer_upon_timeout" time="226.617"/>
</testsuite> <!-- Verify_Automatically mark incorrect when timeout -->
