<?xml version="1.0" encoding="UTF-8"?>
<!-- Generated by org.testng.reporters.JUnitXMLReporter -->
<testsuite ignored="0" hostname="DESKTOP-HKE6JL3" failures="0" tests="1" name="Verifing home/school month end plan date" time="32.8" errors="0" timestamp="2021-05-21T18:42:01 IST">
  <testcase classname="Factile_Mode_v3.GoProToSubscriptionHomeSchoolMonthlyData_Verify" name="GoProToHomeSchoolMonthlySubscriptionAndNextComingDate" time="25.921"/>
</testsuite> <!-- Verifing home/school month end plan date -->
