<?xml version="1.0" encoding="UTF-8"?>
<!-- Generated by org.testng.reporters.JUnitXMLReporter -->
<testsuite ignored="0" hostname="DESKTOP-HKE6JL3" failures="1" tests="1" name="Verify Reading timer" time="294.056" errors="0" timestamp="2021-01-13T16:32:24 IST">
  <testcase classname="Factile_Mode.DGBP_HSB_TestCase_36" name="TC_36_Verify_Reading_Timer" time="280.452">
    <failure type="junit.framework.ComparisonFailure" message="expected:&amp;lt;5&amp;gt; but was:&amp;lt;4&amp;gt;">
      <![CDATA[junit.framework.ComparisonFailure: expected:<5> but was:<4>
at junit.framework.Assert.assertEquals(Assert.java:81)
at junit.framework.Assert.assertEquals(Assert.java:87)
at Factile_Mode.DGBP_HSB_TestCase_36.PlayerScreen(DGBP_HSB_TestCase_36.java:263)
at Factile_Mode.DGBP_HSB_TestCase_36.TC_36_Verify_Reading_Timer(DGBP_HSB_TestCase_36.java:78)
at java.base/java.util.ArrayList.forEach(ArrayList.java:1511)
... Removed 27 stack frames]]>
    </failure>
  </testcase> <!-- TC_36_Verify_Reading_Timer -->
</testsuite> <!-- Verify Reading timer -->
