<?xml version="1.0" encoding="UTF-8"?>
<!-- Generated by org.testng.reporters.JUnitXMLReporter -->
<testsuite ignored="0" hostname="DESKTOP-HKE6JL3" failures="0" tests="1" name="Verify Users Can Join Buzzer Mode after Game Begins when Checked" time="595.051" errors="0" timestamp="2020-12-28T11:15:03 IST">
  <testcase classname="Factile_Mode.DGBP_HSB_TestCase_26" name="TC_26_Users_Can_Join_Buzzer_Mode_after_Game_Begins_directly_using_Pin" time="576.8"/>
</testsuite> <!-- Verify Users Can Join Buzzer Mode after Game Begins when Checked -->
