<?xml version="1.0" encoding="UTF-8"?>
<!-- Generated by org.testng.reporters.JUnitXMLReporter -->
<testsuite ignored="0" hostname="DESKTOP-NLMSAMV" failures="0" tests="1" name="Verifing bussiness month end plan date" time="59.24" errors="0" timestamp="2023-04-21T17:14:46 IST">
  <testcase classname="Factile_Mode_v3.GoProToSubscriptionBussinessMonthlyData_Verify" name="GoProTBussinessMonthlySubscriptionAndNextComingDate" time="50.311"/>
</testsuite> <!-- Verifing bussiness month end plan date -->
