<?xml version="1.0" encoding="UTF-8"?>
<testng-results ignored="0" total="15" passed="14" failed="1" skipped="0">
  <reporter-output>
  </reporter-output>
  <suite started-at="2021-07-16T12:12:33 IST" name="Suite" finished-at="2021-07-16T12:23:03 IST" duration-ms="629897">
    <groups>
    </groups>
    <test started-at="2021-07-16T12:12:33 IST" name="sign up" finished-at="2021-07-16T12:12:48 IST" duration-ms="14919">
      <class name="Factile_Mode_v3.Sign_UP">
        <test-method is-config="true" signature="initilize()[pri:0, instance:Factile_Mode_v3.Sign_UP@2bef51f2]" started-at="2021-07-16T12:12:33 IST" name="initilize" finished-at="2021-07-16T12:12:40 IST" duration-ms="7225" status="PASS">
          <reporter-output>
          </reporter-output>
        </test-method> <!-- initilize -->
        <test-method signature="SignUP_Verify()[pri:0, instance:Factile_Mode_v3.Sign_UP@2bef51f2]" started-at="2021-07-16T12:12:40 IST" name="SignUP_Verify" finished-at="2021-07-16T12:12:47 IST" duration-ms="6922" status="PASS">
          <reporter-output>
          </reporter-output>
        </test-method> <!-- SignUP_Verify -->
        <test-method is-config="true" signature="close()[pri:0, instance:Factile_Mode_v3.Sign_UP@2bef51f2]" started-at="2021-07-16T12:12:47 IST" name="close" finished-at="2021-07-16T12:12:48 IST" duration-ms="691" status="PASS">
          <reporter-output>
          </reporter-output>
        </test-method> <!-- close -->
      </class> <!-- Factile_Mode_v3.Sign_UP -->
    </test> <!-- sign up -->
    <test started-at="2021-07-16T12:12:48 IST" name="Log in" finished-at="2021-07-16T12:12:57 IST" duration-ms="8988">
      <class name="Factile_Mode_v3.Log_In">
        <test-method is-config="true" signature="initilize()[pri:0, instance:Factile_Mode_v3.Log_In@62fe6067]" started-at="2021-07-16T12:12:48 IST" name="initilize" finished-at="2021-07-16T12:12:55 IST" duration-ms="6658" status="PASS">
          <reporter-output>
          </reporter-output>
        </test-method> <!-- initilize -->
        <test-method signature="Log_in()[pri:0, instance:Factile_Mode_v3.Log_In@62fe6067]" started-at="2021-07-16T12:12:55 IST" name="Log_in" finished-at="2021-07-16T12:12:56 IST" duration-ms="1639" status="PASS">
          <reporter-output>
          </reporter-output>
        </test-method> <!-- Log_in -->
        <test-method is-config="true" signature="close()[pri:0, instance:Factile_Mode_v3.Log_In@62fe6067]" started-at="2021-07-16T12:12:56 IST" name="close" finished-at="2021-07-16T12:12:57 IST" duration-ms="673" status="PASS">
          <reporter-output>
          </reporter-output>
        </test-method> <!-- close -->
      </class> <!-- Factile_Mode_v3.Log_In -->
    </test> <!-- Log in -->
    <test started-at="2021-07-16T12:12:57 IST" name="sign out" finished-at="2021-07-16T12:13:15 IST" duration-ms="17940">
      <class name="Factile_Mode_v3.Sign_Out">
        <test-method is-config="true" signature="initilize()[pri:0, instance:Factile_Mode_v3.Sign_Out@62435e70]" started-at="2021-07-16T12:12:57 IST" name="initilize" finished-at="2021-07-16T12:13:03 IST" duration-ms="5568" status="PASS">
          <reporter-output>
          </reporter-output>
        </test-method> <!-- initilize -->
        <test-method signature="Sign_Out()[pri:0, instance:Factile_Mode_v3.Sign_Out@62435e70]" started-at="2021-07-16T12:13:03 IST" name="Sign_Out" finished-at="2021-07-16T12:13:14 IST" duration-ms="11657" status="PASS">
          <reporter-output>
          </reporter-output>
        </test-method> <!-- Sign_Out -->
        <test-method is-config="true" signature="close()[pri:0, instance:Factile_Mode_v3.Sign_Out@62435e70]" started-at="2021-07-16T12:13:14 IST" name="close" finished-at="2021-07-16T12:13:15 IST" duration-ms="698" status="PASS">
          <reporter-output>
          </reporter-output>
        </test-method> <!-- close -->
      </class> <!-- Factile_Mode_v3.Sign_Out -->
    </test> <!-- sign out -->
    <test started-at="2021-07-16T12:13:15 IST" name="Forget Password" finished-at="2021-07-16T12:13:49 IST" duration-ms="33755">
      <class name="Factile_Mode_v3.ForgetPassword">
        <test-method is-config="true" signature="initilize()[pri:0, instance:Factile_Mode_v3.ForgetPassword@557a1e2d]" started-at="2021-07-16T12:13:15 IST" name="initilize" finished-at="2021-07-16T12:13:21 IST" duration-ms="5753" status="PASS">
          <reporter-output>
          </reporter-output>
        </test-method> <!-- initilize -->
        <test-method signature="Forget_Password()[pri:0, instance:Factile_Mode_v3.ForgetPassword@557a1e2d]" started-at="2021-07-16T12:13:21 IST" name="Forget_Password" finished-at="2021-07-16T12:13:48 IST" duration-ms="27205" status="PASS">
          <reporter-output>
          </reporter-output>
        </test-method> <!-- Forget_Password -->
        <test-method is-config="true" signature="close()[pri:0, instance:Factile_Mode_v3.ForgetPassword@557a1e2d]" started-at="2021-07-16T12:13:48 IST" name="close" finished-at="2021-07-16T12:13:49 IST" duration-ms="773" status="PASS">
          <reporter-output>
          </reporter-output>
        </test-method> <!-- close -->
      </class> <!-- Factile_Mode_v3.ForgetPassword -->
    </test> <!-- Forget Password -->
    <test started-at="2021-07-16T12:13:49 IST" name="Two_Factor_Authentication" finished-at="2021-07-16T12:14:36 IST" duration-ms="47249">
      <class name="Factile_Mode_v3.TwoFactorAuthentication">
        <test-method is-config="true" signature="initilize()[pri:0, instance:Factile_Mode_v3.TwoFactorAuthentication@73ff4fae]" started-at="2021-07-16T12:13:49 IST" name="initilize" finished-at="2021-07-16T12:13:57 IST" duration-ms="8249" status="PASS">
          <reporter-output>
          </reporter-output>
        </test-method> <!-- initilize -->
        <test-method signature="Two_Factor_Authentication()[pri:0, instance:Factile_Mode_v3.TwoFactorAuthentication@73ff4fae]" started-at="2021-07-16T12:13:57 IST" name="Two_Factor_Authentication" finished-at="2021-07-16T12:14:36 IST" duration-ms="38987" status="PASS">
          <reporter-output>
          </reporter-output>
        </test-method> <!-- Two_Factor_Authentication -->
        <test-method is-config="true" signature="close()[pri:0, instance:Factile_Mode_v3.TwoFactorAuthentication@73ff4fae]" started-at="2021-07-16T12:14:36 IST" name="close" finished-at="2021-07-16T12:14:36 IST" duration-ms="0" status="PASS">
          <reporter-output>
          </reporter-output>
        </test-method> <!-- close -->
      </class> <!-- Factile_Mode_v3.TwoFactorAuthentication -->
    </test> <!-- Two_Factor_Authentication -->
    <test started-at="2021-07-16T12:14:36 IST" name="change password" finished-at="2021-07-16T12:14:54 IST" duration-ms="17950">
      <class name="Factile_Mode_v3.ChangePassword">
        <test-method is-config="true" signature="initilize()[pri:0, instance:Factile_Mode_v3.ChangePassword@7829b776]" started-at="2021-07-16T12:14:36 IST" name="initilize" finished-at="2021-07-16T12:14:42 IST" duration-ms="5889" status="PASS">
          <reporter-output>
          </reporter-output>
        </test-method> <!-- initilize -->
        <test-method signature="ChangePassword()[pri:0, instance:Factile_Mode_v3.ChangePassword@7829b776]" started-at="2021-07-16T12:14:42 IST" name="ChangePassword" finished-at="2021-07-16T12:14:54 IST" duration-ms="12054" status="PASS">
          <reporter-output>
          </reporter-output>
        </test-method> <!-- ChangePassword -->
        <test-method is-config="true" signature="close()[pri:0, instance:Factile_Mode_v3.ChangePassword@7829b776]" started-at="2021-07-16T12:14:54 IST" name="close" finished-at="2021-07-16T12:14:54 IST" duration-ms="1" status="PASS">
          <reporter-output>
          </reporter-output>
        </test-method> <!-- close -->
      </class> <!-- Factile_Mode_v3.ChangePassword -->
    </test> <!-- change password -->
    <test started-at="2021-07-16T12:14:54 IST" name="support form" finished-at="2021-07-16T12:16:16 IST" duration-ms="81431">
      <class name="Factile_Mode_v3.Support_Form">
        <test-method is-config="true" signature="initilize()[pri:0, instance:Factile_Mode_v3.Support_Form@1252b961]" started-at="2021-07-16T12:14:54 IST" name="initilize" finished-at="2021-07-16T12:15:03 IST" duration-ms="8293" status="PASS">
          <reporter-output>
          </reporter-output>
        </test-method> <!-- initilize -->
        <test-method signature="Support_Form_Verify()[pri:0, instance:Factile_Mode_v3.Support_Form@1252b961]" started-at="2021-07-16T12:15:03 IST" name="Support_Form_Verify" finished-at="2021-07-16T12:16:16 IST" duration-ms="72974" status="FAIL">
          <exception class="org.openqa.selenium.NoSuchElementException">
            <message>
              <![CDATA[no such element: Unable to locate element: {"method":"xpath","selector":"//div[@class='d-flex justify-content-center toast_content']"}
  (Session info: chrome=91.0.4472.124)
For documentation on this error, please visit: https://www.seleniumhq.org/exceptions/no_such_element.html
Build info: version: '3.141.59', revision: 'e82be7d358', time: '2018-11-14T08:17:03'
System info: host: 'DESKTOP-HKE6JL3', ip: '192.168.1.8', os.name: 'Windows 10', os.arch: 'amd64', os.version: '10.0', java.version: '15.0.1'
Driver info: org.openqa.selenium.chrome.ChromeDriver
Capabilities {acceptInsecureCerts: false, browserName: chrome, browserVersion: 91.0.4472.124, chrome: {chromedriverVersion: 91.0.4472.101 (af52a90bf870..., userDataDir: C:\Users\DELIGE~1\AppData\L...}, goog:chromeOptions: {debuggerAddress: localhost:52990}, javascriptEnabled: true, networkConnectionEnabled: false, pageLoadStrategy: normal, platform: WINDOWS, platformName: WINDOWS, proxy: Proxy(), setWindowRect: true, strictFileInteractability: false, timeouts: {implicit: 0, pageLoad: 300000, script: 30000}, unhandledPromptBehavior: dismiss and notify, webauthn:extension:largeBlob: true, webauthn:virtualAuthenticators: true}
Session ID: 43d8da886deea49ac562b4282ffe51ce
*** Element info: {Using=xpath, value=//div[@class='d-flex justify-content-center toast_content']}]]>
            </message>
            <full-stacktrace>
              <![CDATA[org.openqa.selenium.NoSuchElementException: no such element: Unable to locate element: {"method":"xpath","selector":"//div[@class='d-flex justify-content-center toast_content']"}
  (Session info: chrome=91.0.4472.124)
For documentation on this error, please visit: https://www.seleniumhq.org/exceptions/no_such_element.html
Build info: version: '3.141.59', revision: 'e82be7d358', time: '2018-11-14T08:17:03'
System info: host: 'DESKTOP-HKE6JL3', ip: '192.168.1.8', os.name: 'Windows 10', os.arch: 'amd64', os.version: '10.0', java.version: '15.0.1'
Driver info: org.openqa.selenium.chrome.ChromeDriver
Capabilities {acceptInsecureCerts: false, browserName: chrome, browserVersion: 91.0.4472.124, chrome: {chromedriverVersion: 91.0.4472.101 (af52a90bf870..., userDataDir: C:\Users\DELIGE~1\AppData\L...}, goog:chromeOptions: {debuggerAddress: localhost:52990}, javascriptEnabled: true, networkConnectionEnabled: false, pageLoadStrategy: normal, platform: WINDOWS, platformName: WINDOWS, proxy: Proxy(), setWindowRect: true, strictFileInteractability: false, timeouts: {implicit: 0, pageLoad: 300000, script: 30000}, unhandledPromptBehavior: dismiss and notify, webauthn:extension:largeBlob: true, webauthn:virtualAuthenticators: true}
Session ID: 43d8da886deea49ac562b4282ffe51ce
*** Element info: {Using=xpath, value=//div[@class='d-flex justify-content-center toast_content']}
at java.base/jdk.internal.reflect.NativeConstructorAccessorImpl.newInstance0(Native Method)
at java.base/jdk.internal.reflect.NativeConstructorAccessorImpl.newInstance(NativeConstructorAccessorImpl.java:64)
at java.base/jdk.internal.reflect.DelegatingConstructorAccessorImpl.newInstance(DelegatingConstructorAccessorImpl.java:45)
at java.base/java.lang.reflect.Constructor.newInstanceWithCaller(Constructor.java:500)
at java.base/java.lang.reflect.Constructor.newInstance(Constructor.java:481)
at org.openqa.selenium.remote.http.W3CHttpResponseCodec.createException(W3CHttpResponseCodec.java:187)
at org.openqa.selenium.remote.http.W3CHttpResponseCodec.decode(W3CHttpResponseCodec.java:122)
at org.openqa.selenium.remote.http.W3CHttpResponseCodec.decode(W3CHttpResponseCodec.java:49)
at org.openqa.selenium.remote.HttpCommandExecutor.execute(HttpCommandExecutor.java:158)
at org.openqa.selenium.remote.service.DriverCommandExecutor.execute(DriverCommandExecutor.java:83)
at org.openqa.selenium.remote.RemoteWebDriver.execute(RemoteWebDriver.java:552)
at org.openqa.selenium.remote.RemoteWebDriver.findElement(RemoteWebDriver.java:323)
at org.openqa.selenium.remote.RemoteWebDriver.findElementByXPath(RemoteWebDriver.java:428)
at org.openqa.selenium.By$ByXPath.findElement(By.java:353)
at org.openqa.selenium.remote.RemoteWebDriver.findElement(RemoteWebDriver.java:315)
at Factile_Mode_v3.Support_Form.Support_Form_Verify(Support_Form.java:68)
at java.base/jdk.internal.reflect.NativeMethodAccessorImpl.invoke0(Native Method)
at java.base/jdk.internal.reflect.NativeMethodAccessorImpl.invoke(NativeMethodAccessorImpl.java:64)
at java.base/jdk.internal.reflect.DelegatingMethodAccessorImpl.invoke(DelegatingMethodAccessorImpl.java:43)
at java.base/java.lang.reflect.Method.invoke(Method.java:564)
at org.testng.internal.MethodInvocationHelper.invokeMethod(MethodInvocationHelper.java:133)
at org.testng.internal.TestInvoker.invokeMethod(TestInvoker.java:584)
at org.testng.internal.TestInvoker.invokeTestMethod(TestInvoker.java:172)
at org.testng.internal.MethodRunner.runInSequence(MethodRunner.java:46)
at org.testng.internal.TestInvoker$MethodInvocationAgent.invoke(TestInvoker.java:804)
at org.testng.internal.TestInvoker.invokeTestMethods(TestInvoker.java:145)
at org.testng.internal.TestMethodWorker.invokeTestMethods(TestMethodWorker.java:146)
at org.testng.internal.TestMethodWorker.run(TestMethodWorker.java:128)
at java.base/java.util.ArrayList.forEach(ArrayList.java:1511)
at org.testng.TestRunner.privateRun(TestRunner.java:770)
at org.testng.TestRunner.run(TestRunner.java:591)
at org.testng.SuiteRunner.runTest(SuiteRunner.java:402)
at org.testng.SuiteRunner.runSequentially(SuiteRunner.java:396)
at org.testng.SuiteRunner.privateRun(SuiteRunner.java:355)
at org.testng.SuiteRunner.run(SuiteRunner.java:304)
at org.testng.SuiteRunnerWorker.runSuite(SuiteRunnerWorker.java:53)
at org.testng.SuiteRunnerWorker.run(SuiteRunnerWorker.java:96)
at org.testng.TestNG.runSuitesSequentially(TestNG.java:1180)
at org.testng.TestNG.runSuitesLocally(TestNG.java:1102)
at org.testng.TestNG.runSuites(TestNG.java:1032)
at org.testng.TestNG.run(TestNG.java:1000)
at org.testng.remote.AbstractRemoteTestNG.run(AbstractRemoteTestNG.java:115)
at org.testng.remote.RemoteTestNG.initAndRun(RemoteTestNG.java:251)
at org.testng.remote.RemoteTestNG.main(RemoteTestNG.java:77)
]]>
            </full-stacktrace>
          </exception> <!-- org.openqa.selenium.NoSuchElementException -->
          <reporter-output>
          </reporter-output>
        </test-method> <!-- Support_Form_Verify -->
        <test-method is-config="true" signature="close()[pri:0, instance:Factile_Mode_v3.Support_Form@1252b961]" started-at="2021-07-16T12:16:16 IST" name="close" finished-at="2021-07-16T12:16:16 IST" duration-ms="0" status="PASS">
          <reporter-output>
          </reporter-output>
        </test-method> <!-- close -->
      </class> <!-- Factile_Mode_v3.Support_Form -->
    </test> <!-- support form -->
    <test started-at="2021-07-16T12:16:16 IST" name="delete Account" finished-at="2021-07-16T12:16:40 IST" duration-ms="24111">
      <class name="Factile_Mode_v3.DeleteAccount">
        <test-method is-config="true" signature="initilize()[pri:0, instance:Factile_Mode_v3.DeleteAccount@74cadd41]" started-at="2021-07-16T12:16:16 IST" name="initilize" finished-at="2021-07-16T12:16:21 IST" duration-ms="5419" status="PASS">
          <reporter-output>
          </reporter-output>
        </test-method> <!-- initilize -->
        <test-method signature="DeleteAccount()[pri:0, instance:Factile_Mode_v3.DeleteAccount@74cadd41]" started-at="2021-07-16T12:16:21 IST" name="DeleteAccount" finished-at="2021-07-16T12:16:39 IST" duration-ms="17960" status="PASS">
          <reporter-output>
          </reporter-output>
        </test-method> <!-- DeleteAccount -->
        <test-method is-config="true" signature="close()[pri:0, instance:Factile_Mode_v3.DeleteAccount@74cadd41]" started-at="2021-07-16T12:16:39 IST" name="close" finished-at="2021-07-16T12:16:40 IST" duration-ms="726" status="PASS">
          <reporter-output>
          </reporter-output>
        </test-method> <!-- close -->
      </class> <!-- Factile_Mode_v3.DeleteAccount -->
    </test> <!-- delete Account -->
    <test started-at="2021-07-16T12:16:40 IST" name="menus in free account inside header" finished-at="2021-07-16T12:16:50 IST" duration-ms="10331">
      <class name="Factile_Mode_v3.HeaderMenuInFreeAccount">
        <test-method is-config="true" signature="initilize()[pri:0, instance:Factile_Mode_v3.HeaderMenuInFreeAccount@4c51bb7]" started-at="2021-07-16T12:16:40 IST" name="initilize" finished-at="2021-07-16T12:16:46 IST" duration-ms="5867" status="PASS">
          <reporter-output>
          </reporter-output>
        </test-method> <!-- initilize -->
        <test-method signature="Fetching_Header_menus_From_Paid_Account()[pri:0, instance:Factile_Mode_v3.HeaderMenuInFreeAccount@4c51bb7]" started-at="2021-07-16T12:16:46 IST" name="Fetching_Header_menus_From_Paid_Account" finished-at="2021-07-16T12:16:50 IST" duration-ms="4461" status="PASS">
          <reporter-output>
          </reporter-output>
        </test-method> <!-- Fetching_Header_menus_From_Paid_Account -->
        <test-method is-config="true" signature="close()[pri:0, instance:Factile_Mode_v3.HeaderMenuInFreeAccount@4c51bb7]" started-at="2021-07-16T12:16:50 IST" name="close" finished-at="2021-07-16T12:16:50 IST" duration-ms="0" status="PASS">
          <reporter-output>
          </reporter-output>
        </test-method> <!-- close -->
      </class> <!-- Factile_Mode_v3.HeaderMenuInFreeAccount -->
    </test> <!-- menus in free account inside header -->
    <test started-at="2021-07-16T12:16:51 IST" name="menus in paid account inside header" finished-at="2021-07-16T12:17:03 IST" duration-ms="12560">
      <class name="Factile_Mode_v3.HeaderMenuInPaidAccount">
        <test-method is-config="true" signature="initilize()[pri:0, instance:Factile_Mode_v3.HeaderMenuInPaidAccount@2756c0a7]" started-at="2021-07-16T12:16:51 IST" name="initilize" finished-at="2021-07-16T12:16:58 IST" duration-ms="7199" status="PASS">
          <reporter-output>
          </reporter-output>
        </test-method> <!-- initilize -->
        <test-method signature="Fetching_Header_menu_From_FreeAccount()[pri:0, instance:Factile_Mode_v3.HeaderMenuInPaidAccount@2756c0a7]" started-at="2021-07-16T12:16:58 IST" name="Fetching_Header_menu_From_FreeAccount" finished-at="2021-07-16T12:17:02 IST" duration-ms="4696" status="PASS">
          <reporter-output>
          </reporter-output>
        </test-method> <!-- Fetching_Header_menu_From_FreeAccount -->
        <test-method is-config="true" signature="close()[pri:0, instance:Factile_Mode_v3.HeaderMenuInPaidAccount@2756c0a7]" started-at="2021-07-16T12:17:02 IST" name="close" finished-at="2021-07-16T12:17:03 IST" duration-ms="662" status="PASS">
          <reporter-output>
          </reporter-output>
        </test-method> <!-- close -->
      </class> <!-- Factile_Mode_v3.HeaderMenuInPaidAccount -->
    </test> <!-- menus in paid account inside header -->
    <test started-at="2021-07-16T12:17:03 IST" name="404 Page Not Found link at Home Page" finished-at="2021-07-16T12:20:46 IST" duration-ms="222911">
      <class name="Factile_Mode_v3.PageNotFound_Links_at_HomePage">
        <test-method is-config="true" signature="initilize()[pri:0, instance:Factile_Mode_v3.PageNotFound_Links_at_HomePage@1bc715b8]" started-at="2021-07-16T12:17:03 IST" name="initilize" finished-at="2021-07-16T12:17:09 IST" duration-ms="5633" status="PASS">
          <reporter-output>
          </reporter-output>
        </test-method> <!-- initilize -->
        <test-method signature="PageNotFoundLinksAtHomePage()[pri:0, instance:Factile_Mode_v3.PageNotFound_Links_at_HomePage@1bc715b8]" started-at="2021-07-16T12:17:09 IST" name="PageNotFoundLinksAtHomePage" finished-at="2021-07-16T12:20:45 IST" duration-ms="216491" status="PASS">
          <reporter-output>
          </reporter-output>
        </test-method> <!-- PageNotFoundLinksAtHomePage -->
        <test-method is-config="true" signature="close()[pri:0, instance:Factile_Mode_v3.PageNotFound_Links_at_HomePage@1bc715b8]" started-at="2021-07-16T12:20:45 IST" name="close" finished-at="2021-07-16T12:20:46 IST" duration-ms="784" status="PASS">
          <reporter-output>
          </reporter-output>
        </test-method> <!-- close -->
      </class> <!-- Factile_Mode_v3.PageNotFound_Links_at_HomePage -->
    </test> <!-- 404 Page Not Found link at Home Page -->
    <test started-at="2021-07-16T12:20:46 IST" name="Verifing home/school month end plan date" finished-at="2021-07-16T12:21:22 IST" duration-ms="35615">
      <class name="Factile_Mode_v3.GoProToSubscriptionHomeSchoolMonthlyData_Verify">
        <test-method is-config="true" signature="initilize()[pri:0, instance:Factile_Mode_v3.GoProToSubscriptionHomeSchoolMonthlyData_Verify@38f57b3d]" started-at="2021-07-16T12:20:46 IST" name="initilize" finished-at="2021-07-16T12:20:53 IST" duration-ms="6828" status="PASS">
          <reporter-output>
          </reporter-output>
        </test-method> <!-- initilize -->
        <test-method signature="GoProToHomeSchoolMonthlySubscriptionAndNextComingDate()[pri:0, instance:Factile_Mode_v3.GoProToSubscriptionHomeSchoolMonthlyData_Verify@38f57b3d]" started-at="2021-07-16T12:20:53 IST" name="GoProToHomeSchoolMonthlySubscriptionAndNextComingDate" finished-at="2021-07-16T12:21:21 IST" duration-ms="28091" status="PASS">
          <reporter-output>
          </reporter-output>
        </test-method> <!-- GoProToHomeSchoolMonthlySubscriptionAndNextComingDate -->
        <test-method is-config="true" signature="close()[pri:0, instance:Factile_Mode_v3.GoProToSubscriptionHomeSchoolMonthlyData_Verify@38f57b3d]" started-at="2021-07-16T12:21:21 IST" name="close" finished-at="2021-07-16T12:21:22 IST" duration-ms="692" status="PASS">
          <reporter-output>
          </reporter-output>
        </test-method> <!-- close -->
      </class> <!-- Factile_Mode_v3.GoProToSubscriptionHomeSchoolMonthlyData_Verify -->
    </test> <!-- Verifing home/school month end plan date -->
    <test started-at="2021-07-16T12:21:22 IST" name="Verifing home/school yearly end plan date" finished-at="2021-07-16T12:22:02 IST" duration-ms="39913">
      <class name="Factile_Mode_v3.GoProToSubscriptionHomeSchoolYearlyData_Verify">
        <test-method is-config="true" signature="initilize()[pri:0, instance:Factile_Mode_v3.GoProToSubscriptionHomeSchoolYearlyData_Verify@7c56e013]" started-at="2021-07-16T12:21:22 IST" name="initilize" finished-at="2021-07-16T12:21:29 IST" duration-ms="7322" status="PASS">
          <reporter-output>
          </reporter-output>
        </test-method> <!-- initilize -->
        <test-method signature="GoProToHomeSchoolYearlySubscriptionAndNextComingDate()[pri:0, instance:Factile_Mode_v3.GoProToSubscriptionHomeSchoolYearlyData_Verify@7c56e013]" started-at="2021-07-16T12:21:29 IST" name="GoProToHomeSchoolYearlySubscriptionAndNextComingDate" finished-at="2021-07-16T12:22:01 IST" duration-ms="31897" status="PASS">
          <reporter-output>
          </reporter-output>
        </test-method> <!-- GoProToHomeSchoolYearlySubscriptionAndNextComingDate -->
        <test-method is-config="true" signature="close()[pri:0, instance:Factile_Mode_v3.GoProToSubscriptionHomeSchoolYearlyData_Verify@7c56e013]" started-at="2021-07-16T12:22:01 IST" name="close" finished-at="2021-07-16T12:22:02 IST" duration-ms="691" status="PASS">
          <reporter-output>
          </reporter-output>
        </test-method> <!-- close -->
      </class> <!-- Factile_Mode_v3.GoProToSubscriptionHomeSchoolYearlyData_Verify -->
    </test> <!-- Verifing home/school yearly end plan date -->
    <test started-at="2021-07-16T12:22:02 IST" name="Verifing bussiness month end plan date" finished-at="2021-07-16T12:22:36 IST" duration-ms="34190">
      <class name="Factile_Mode_v3.GoProToSubscriptionBussinessMonthlyData_Verify">
        <test-method is-config="true" signature="initilize()[pri:0, instance:Factile_Mode_v3.GoProToSubscriptionBussinessMonthlyData_Verify@4ba534b0]" started-at="2021-07-16T12:22:02 IST" name="initilize" finished-at="2021-07-16T12:22:07 IST" duration-ms="5628" status="PASS">
          <reporter-output>
          </reporter-output>
        </test-method> <!-- initilize -->
        <test-method signature="GoProTBussinessMonthlySubscriptionAndNextComingDate()[pri:0, instance:Factile_Mode_v3.GoProToSubscriptionBussinessMonthlyData_Verify@4ba534b0]" started-at="2021-07-16T12:22:07 IST" name="GoProTBussinessMonthlySubscriptionAndNextComingDate" finished-at="2021-07-16T12:22:35 IST" duration-ms="27839" status="PASS">
          <reporter-output>
          </reporter-output>
        </test-method> <!-- GoProTBussinessMonthlySubscriptionAndNextComingDate -->
        <test-method is-config="true" signature="close()[pri:0, instance:Factile_Mode_v3.GoProToSubscriptionBussinessMonthlyData_Verify@4ba534b0]" started-at="2021-07-16T12:22:35 IST" name="close" finished-at="2021-07-16T12:22:36 IST" duration-ms="720" status="PASS">
          <reporter-output>
          </reporter-output>
        </test-method> <!-- close -->
      </class> <!-- Factile_Mode_v3.GoProToSubscriptionBussinessMonthlyData_Verify -->
    </test> <!-- Verifing bussiness month end plan date -->
    <test started-at="2021-07-16T12:22:36 IST" name="Verifing bussiness yearly end plan date" finished-at="2021-07-16T12:23:03 IST" duration-ms="26735">
      <class name="Factile_Mode_v3.GoProToSubscriptionBussinessYearlyData_Verify">
        <test-method is-config="true" signature="initilize()[pri:0, instance:Factile_Mode_v3.GoProToSubscriptionBussinessYearlyData_Verify@42f3156d]" started-at="2021-07-16T12:22:36 IST" name="initilize" finished-at="2021-07-16T12:22:41 IST" duration-ms="5267" status="PASS">
          <reporter-output>
          </reporter-output>
        </test-method> <!-- initilize -->
        <test-method signature="GoProToBussinessYearlySubscriptionAndNextComingDate()[pri:0, instance:Factile_Mode_v3.GoProToSubscriptionBussinessYearlyData_Verify@42f3156d]" started-at="2021-07-16T12:22:41 IST" name="GoProToBussinessYearlySubscriptionAndNextComingDate" finished-at="2021-07-16T12:23:02 IST" duration-ms="20801" status="PASS">
          <reporter-output>
          </reporter-output>
        </test-method> <!-- GoProToBussinessYearlySubscriptionAndNextComingDate -->
        <test-method is-config="true" signature="close()[pri:0, instance:Factile_Mode_v3.GoProToSubscriptionBussinessYearlyData_Verify@42f3156d]" started-at="2021-07-16T12:23:02 IST" name="close" finished-at="2021-07-16T12:23:03 IST" duration-ms="666" status="PASS">
          <reporter-output>
          </reporter-output>
        </test-method> <!-- close -->
      </class> <!-- Factile_Mode_v3.GoProToSubscriptionBussinessYearlyData_Verify -->
    </test> <!-- Verifing bussiness yearly end plan date -->
  </suite> <!-- Suite -->
</testng-results>
