<?xml version="1.0" encoding="UTF-8"?>
<testng-results ignored="0" total="1" passed="1" failed="0" skipped="0">
  <reporter-output>
  </reporter-output>
  <suite started-at="2023-04-11T14:35:48 IST" name="Suite" finished-at="2023-04-11T14:35:53 IST" duration-ms="5368">
    <groups>
    </groups>
    <test started-at="2023-04-11T14:35:48 IST" name="Log in" finished-at="2023-04-11T14:35:53 IST" duration-ms="5368">
      <class name="Factile_Mode_v3.Log_In">
        <test-method is-config="true" signature="initilize()[pri:0, instance:Factile_Mode_v3.Log_In@672f11c2]" started-at="2023-04-11T14:35:48 IST" name="initilize" finished-at="2023-04-11T14:35:52 IST" duration-ms="3549" status="PASS">
          <reporter-output>
          </reporter-output>
        </test-method> <!-- initilize -->
        <test-method signature="Log_in()[pri:0, instance:Factile_Mode_v3.Log_In@672f11c2]" started-at="2023-04-11T14:35:52 IST" name="Log_in" finished-at="2023-04-11T14:35:53 IST" duration-ms="1528" status="PASS">
          <reporter-output>
          </reporter-output>
        </test-method> <!-- Log_in -->
        <test-method is-config="true" signature="close()[pri:0, instance:Factile_Mode_v3.Log_In@672f11c2]" started-at="2023-04-11T14:35:53 IST" name="close" finished-at="2023-04-11T14:35:53 IST" duration-ms="251" status="PASS">
          <reporter-output>
          </reporter-output>
        </test-method> <!-- close -->
      </class> <!-- Factile_Mode_v3.Log_In -->
    </test> <!-- Log in -->
  </suite> <!-- Suite -->
</testng-results>
